<?xml version="1.0" encoding="UTF-8"?>
<!-- Generated by org.testng.reporters.JUnitReportReporter -->
<testsuite skipped="0" hostname="Lenovo-G570" name="com.capgemini.snapdeal.runner.CategoriesRunner" tests="1" failures="0" timestamp="19 May 2020 08:29:39 GMT" time="46.214" errors="0">
  <testcase name="feature" time="46.214" classname="com.capgemini.snapdeal.runner.CategoriesRunner"/>
</testsuite> <!-- com.capgemini.snapdeal.runner.CategoriesRunner -->
