<?xml version="1.0" encoding="UTF-8"?>
<!-- Generated by org.testng.reporters.JUnitReportReporter -->
<testsuite skipped="0" hostname="Lenovo-G570" name="com.capgemini.snapdeal.stepdefinition.SearchStepdef" tests="1" failures="0" timestamp="10 May 2020 08:13:44 GMT" time="3.043" errors="0">
  <testcase name="user_name_can_be_seen_on_the_page" time="3.043" classname="com.capgemini.snapdeal.stepdefinition.SearchStepdef"/>
</testsuite> <!-- com.capgemini.snapdeal.stepdefinition.SearchStepdef -->
