<?xml version="1.0" encoding="UTF-8"?>
<!-- Generated by org.testng.reporters.JUnitReportReporter -->
<testsuite skipped="0" hostname="Lenovo-G570" name="com.capgemini.snapdeal.runner.RemoveProductRunner" tests="1" failures="0" timestamp="15 May 2020 12:45:03 GMT" time="61.404" errors="0">
  <testcase name="feature" time="61.404" classname="com.capgemini.snapdeal.runner.RemoveProductRunner"/>
</testsuite> <!-- com.capgemini.snapdeal.runner.RemoveProductRunner -->
