<?xml version="1.0" encoding="UTF-8"?>
<!-- Generated by org.testng.reporters.JUnitReportReporter -->
<testsuite skipped="0" hostname="Lenovo-G570" name="com.capgemini.snapdeal.runner.ScenarioRunner" tests="1" failures="0" timestamp="19 May 2020 08:09:46 GMT" time="83.682" errors="0">
  <testcase name="feature" time="83.682" classname="com.capgemini.snapdeal.runner.ScenarioRunner"/>
</testsuite> <!-- com.capgemini.snapdeal.runner.ScenarioRunner -->
