<?xml version="1.0" encoding="UTF-8"?>
<!-- Generated by org.testng.reporters.JUnitReportReporter -->
<testsuite skipped="0" hostname="Lenovo-G570" name="com.capgemini.snapdeal.runner.SecurePaymentRunner" tests="1" failures="0" timestamp="06 May 2020 05:21:28 GMT" time="32.126" errors="0">
  <testcase name="feature" time="32.126" classname="com.capgemini.snapdeal.runner.SecurePaymentRunner"/>
</testsuite> <!-- com.capgemini.snapdeal.runner.SecurePaymentRunner -->
