<?xml version="1.0" encoding="UTF-8"?>
<!-- Generated by org.testng.reporters.JUnitReportReporter -->
<testsuite skipped="0" hostname="Lenovo-G570" name="com.capgemini.snapdeal.runner.SecurePaymentRunner" tests="1" failures="0" timestamp="13 May 2020 17:32:31 GMT" time="26.787" errors="0">
  <testcase name="feature" time="26.787" classname="com.capgemini.snapdeal.runner.SecurePaymentRunner"/>
</testsuite> <!-- com.capgemini.snapdeal.runner.SecurePaymentRunner -->
