<?xml version="1.0" encoding="UTF-8"?>
<!-- Generated by org.testng.reporters.JUnitReportReporter -->
<testsuite skipped="0" hostname="Lenovo-G570" name="com.capgemini.snapdeal.runner.AAddtoCart" tests="1" failures="0" timestamp="19 May 2020 08:14:01 GMT" time="67.370" errors="0">
  <testcase name="feature" time="67.370" classname="com.capgemini.snapdeal.runner.AAddtoCart"/>
</testsuite> <!-- com.capgemini.snapdeal.runner.AAddtoCart -->
