<?xml version="1.0" encoding="UTF-8"?>
<!-- Generated by org.testng.reporters.JUnitReportReporter -->
<testsuite skipped="0" hostname="Lenovo-G570" name="com.capgemini.snapdeal.runner.AddtoCartRunner" tests="1" failures="0" timestamp="19 May 2020 08:01:29 GMT" time="44.378" errors="0">
  <testcase name="feature" time="44.378" classname="com.capgemini.snapdeal.runner.AddtoCartRunner"/>
</testsuite> <!-- com.capgemini.snapdeal.runner.AddtoCartRunner -->
