<?xml version="1.0" encoding="UTF-8"?>
<!-- Generated by org.testng.reporters.JUnitReportReporter -->
<testsuite skipped="0" hostname="Lenovo-G570" name="com.capgemini.snapdeal.runner.SearchRunner" tests="1" failures="0" timestamp="06 May 2020 06:12:32 GMT" time="66.829" errors="0">
  <testcase name="feature" time="66.829" classname="com.capgemini.snapdeal.runner.SearchRunner"/>
</testsuite> <!-- com.capgemini.snapdeal.runner.SearchRunner -->
